<?xml version="1.0" encoding="UTF-8"?>
<!-- Generated by org.testng.reporters.JUnitReportReporter -->
<testsuite skipped="0" hostname="DESKTOP-L37RA6U" name="selenium.LoginTest1" tests="2" failures="0" timestamp="25 Aug 2018 15:05:26 GMT" time="45.901" errors="0">
  <testcase name="testLoginWithWrongPassword" time="24.260" classname="selenium.LoginTest1"/>
  <testcase name="testLoginWithWrongEmail" time="21.641" classname="selenium.LoginTest1"/>
</testsuite> <!-- selenium.LoginTest1 -->
